<?xml version="1.0" encoding="UTF-8"?>
<testsuite name="htwberlinwebtech.Kalotracker.KalotrackerApplicationTests" tests="1" skipped="0" failures="0" errors="0" timestamp="2022-05-15T15:35:28" hostname="DESKTOP-024B5E9" time="0.344">
  <properties/>
  <testcase name="contextLoads()" classname="htwberlinwebtech.Kalotracker.KalotrackerApplicationTests" time="0.344"/>
  <system-out><![CDATA[17:35:26.115 [Test worker] DEBUG org.springframework.test.context.BootstrapUtils - Instantiating CacheAwareContextLoaderDelegate from class [org.springframework.test.context.cache.DefaultCacheAwareContextLoaderDelegate]
17:35:26.126 [Test worker] DEBUG org.springframework.test.context.BootstrapUtils - Instantiating BootstrapContext using constructor [public org.springframework.test.context.support.DefaultBootstrapContext(java.lang.Class,org.springframework.test.context.CacheAwareContextLoaderDelegate)]
17:35:26.157 [Test worker] DEBUG org.springframework.test.context.BootstrapUtils - Instantiating TestContextBootstrapper for test class [htwberlinwebtech.Kalotracker.KalotrackerApplicationTests] from class [org.springframework.boot.test.context.SpringBootTestContextBootstrapper]
17:35:26.168 [Test worker] INFO org.springframework.boot.test.context.SpringBootTestContextBootstrapper - Neither @ContextConfiguration nor @ContextHierarchy found for test class [htwberlinwebtech.Kalotracker.KalotrackerApplicationTests], using SpringBootContextLoader
17:35:26.172 [Test worker] DEBUG org.springframework.test.context.support.AbstractContextLoader - Did not detect default resource location for test class [htwberlinwebtech.Kalotracker.KalotrackerApplicationTests]: class path resource [htwberlinwebtech/Kalotracker/KalotrackerApplicationTests-context.xml] does not exist
17:35:26.172 [Test worker] DEBUG org.springframework.test.context.support.AbstractContextLoader - Did not detect default resource location for test class [htwberlinwebtech.Kalotracker.KalotrackerApplicationTests]: class path resource [htwberlinwebtech/Kalotracker/KalotrackerApplicationTestsContext.groovy] does not exist
17:35:26.173 [Test worker] INFO org.springframework.test.context.support.AbstractContextLoader - Could not detect default resource locations for test class [htwberlinwebtech.Kalotracker.KalotrackerApplicationTests]: no resource found for suffixes {-context.xml, Context.groovy}.
17:35:26.173 [Test worker] INFO org.springframework.test.context.support.AnnotationConfigContextLoaderUtils - Could not detect default configuration classes for test class [htwberlinwebtech.Kalotracker.KalotrackerApplicationTests]: KalotrackerApplicationTests does not declare any static, non-private, non-final, nested classes annotated with @Configuration.
17:35:26.211 [Test worker] DEBUG org.springframework.test.context.support.ActiveProfilesUtils - Could not find an 'annotation declaring class' for annotation type [org.springframework.test.context.ActiveProfiles] and class [htwberlinwebtech.Kalotracker.KalotrackerApplicationTests]
17:35:26.268 [Test worker] DEBUG org.springframework.context.annotation.ClassPathScanningCandidateComponentProvider - Identified candidate component class: file [C:\Users\lucas_4m\Desktop\Kalotracker-main\Kalortracker\build\classes\java\main\htwberlinwebtech\Kalotracker\KalotrackerApplication.class]
17:35:26.269 [Test worker] INFO org.springframework.boot.test.context.SpringBootTestContextBootstrapper - Found @SpringBootConfiguration htwberlinwebtech.Kalotracker.KalotrackerApplication for test class htwberlinwebtech.Kalotracker.KalotrackerApplicationTests
17:35:26.389 [Test worker] DEBUG org.springframework.boot.test.context.SpringBootTestContextBootstrapper - @TestExecutionListeners is not present for class [htwberlinwebtech.Kalotracker.KalotrackerApplicationTests]: using defaults.
17:35:26.390 [Test worker] INFO org.springframework.boot.test.context.SpringBootTestContextBootstrapper - Loaded default TestExecutionListener class names from location [META-INF/spring.factories]: [org.springframework.boot.test.autoconfigure.restdocs.RestDocsTestExecutionListener, org.springframework.boot.test.autoconfigure.web.client.MockRestServiceServerResetTestExecutionListener, org.springframework.boot.test.autoconfigure.web.servlet.MockMvcPrintOnlyOnFailureTestExecutionListener, org.springframework.boot.test.autoconfigure.web.servlet.WebDriverTestExecutionListener, org.springframework.boot.test.autoconfigure.webservices.client.MockWebServiceServerTestExecutionListener, org.springframework.boot.test.mock.mockito.MockitoTestExecutionListener, org.springframework.boot.test.mock.mockito.ResetMocksTestExecutionListener, org.springframework.test.context.web.ServletTestExecutionListener, org.springframework.test.context.support.DirtiesContextBeforeModesTestExecutionListener, org.springframework.test.context.event.ApplicationEventsTestExecutionListener, org.springframework.test.context.support.DependencyInjectionTestExecutionListener, org.springframework.test.context.support.DirtiesContextTestExecutionListener, org.springframework.test.context.transaction.TransactionalTestExecutionListener, org.springframework.test.context.jdbc.SqlScriptsTestExecutionListener, org.springframework.test.context.event.EventPublishingTestExecutionListener]
17:35:26.405 [Test worker] DEBUG org.springframework.boot.test.context.SpringBootTestContextBootstrapper - Skipping candidate TestExecutionListener [org.springframework.test.context.transaction.TransactionalTestExecutionListener] due to a missing dependency. Specify custom listener classes or make the default listener classes and their required dependencies available. Offending class: [org/springframework/transaction/interceptor/TransactionAttributeSource]
17:35:26.406 [Test worker] DEBUG org.springframework.boot.test.context.SpringBootTestContextBootstrapper - Skipping candidate TestExecutionListener [org.springframework.test.context.jdbc.SqlScriptsTestExecutionListener] due to a missing dependency. Specify custom listener classes or make the default listener classes and their required dependencies available. Offending class: [org/springframework/transaction/interceptor/TransactionAttribute]
17:35:26.407 [Test worker] INFO org.springframework.boot.test.context.SpringBootTestContextBootstrapper - Using TestExecutionListeners: [org.springframework.test.context.web.ServletTestExecutionListener@3f1c5af9, org.springframework.test.context.support.DirtiesContextBeforeModesTestExecutionListener@1c55f277, org.springframework.test.context.event.ApplicationEventsTestExecutionListener@5ddabb18, org.springframework.boot.test.mock.mockito.MockitoTestExecutionListener@3e8f7922, org.springframework.boot.test.autoconfigure.SpringBootDependencyInjectionTestExecutionListener@63192798, org.springframework.test.context.support.DirtiesContextTestExecutionListener@50eca7c6, org.springframework.test.context.event.EventPublishingTestExecutionListener@58e6d4b8, org.springframework.boot.test.autoconfigure.restdocs.RestDocsTestExecutionListener@1de5f0ef, org.springframework.boot.test.autoconfigure.web.client.MockRestServiceServerResetTestExecutionListener@376a312c, org.springframework.boot.test.autoconfigure.web.servlet.MockMvcPrintOnlyOnFailureTestExecutionListener@28d6290, org.springframework.boot.test.autoconfigure.web.servlet.WebDriverTestExecutionListener@6ca0256d, org.springframework.boot.test.autoconfigure.webservices.client.MockWebServiceServerTestExecutionListener@5ef0d29e, org.springframework.boot.test.mock.mockito.ResetMocksTestExecutionListener@38f57b3d]
17:35:26.413 [Test worker] DEBUG org.springframework.test.context.support.AbstractDirtiesContextTestExecutionListener - Before test class: context [DefaultTestContext@6a66a204 testClass = KalotrackerApplicationTests, testInstance = [null], testMethod = [null], testException = [null], mergedContextConfiguration = [WebMergedContextConfiguration@5860f3d7 testClass = KalotrackerApplicationTests, locations = '{}', classes = '{class htwberlinwebtech.Kalotracker.KalotrackerApplication}', contextInitializerClasses = '[]', activeProfiles = '{}', propertySourceLocations = '{}', propertySourceProperties = '{org.springframework.boot.test.context.SpringBootTestContextBootstrapper=true}', contextCustomizers = set[org.springframework.boot.test.autoconfigure.actuate.metrics.MetricsExportContextCustomizerFactory$DisableMetricExportContextCustomizer@53f6fd09, org.springframework.boot.test.autoconfigure.properties.PropertyMappingContextCustomizer@0, org.springframework.boot.test.autoconfigure.web.servlet.WebDriverContextCustomizerFactory$Customizer@27d4a09, org.springframework.boot.test.context.filter.ExcludeFilterContextCustomizer@72437d8d, org.springframework.boot.test.json.DuplicateJsonObjectContextCustomizerFactory$DuplicateJsonObjectContextCustomizer@5a1de7fb, org.springframework.boot.test.mock.mockito.MockitoContextCustomizer@0, org.springframework.boot.test.web.client.TestRestTemplateContextCustomizer@42039326, org.springframework.boot.test.context.SpringBootTestArgs@1, org.springframework.boot.test.context.SpringBootTestWebEnvironment@272ed83b], resourceBasePath = 'src/main/webapp', contextLoader = 'org.springframework.boot.test.context.SpringBootContextLoader', parent = [null]], attributes = map['org.springframework.test.context.web.ServletTestExecutionListener.activateListener' -> true]], class annotated with @DirtiesContext [false] with mode [null].

  .   ____          _            __ _ _
 /\\ / ___'_ __ _ _(_)_ __  __ _ \ \ \ \
( ( )\___ | '_ | '_| | '_ \/ _` | \ \ \ \
 \\/  ___)| |_)| | | | | || (_| |  ) ) ) )
  '  |____| .__|_| |_|_| |_\__, | / / / /
 =========|_|==============|___/=/_/_/_/
 :: Spring Boot ::                (v2.6.7)

2022-05-15 17:35:26.828  INFO 7120 --- [    Test worker] h.K.KalotrackerApplicationTests          : Starting KalotrackerApplicationTests using Java 17.0.3 on DESKTOP-024B5E9 with PID 7120 (started by lucas_4m in C:\Users\lucas_4m\Desktop\Kalotracker-main\Kalortracker)
2022-05-15 17:35:26.829  INFO 7120 --- [    Test worker] h.K.KalotrackerApplicationTests          : No active profile set, falling back to 1 default profile: "default"
2022-05-15 17:35:28.116  INFO 7120 --- [    Test worker] h.K.KalotrackerApplicationTests          : Started KalotrackerApplicationTests in 1.63 seconds (JVM running for 2.797)
]]></system-out>
  <system-err><![CDATA[]]></system-err>
</testsuite>
